# JRE version: OpenJDK Runtime Environment Temurin-17.0.7+7 (17.0.7+7) (build 17.0.7+7)
# Java VM: OpenJDK 64-Bit Server VM Temurin-17.0.7+7 (17.0.7+7, mixed mode, sharing, tiered, compressed oops, compressed class ptrs, g1 gc, windows-amd64)
GC Precious Log:
 CPUs: 16 total, 16 available
 Memory: 32529M
 Large Page Support: Disabled
 NUMA Support: Disabled
 Compressed Oops: Enabled (Zero based)
 Heap Region Size: 2M
 Heap Min Capacity: 512M
 Heap Initial Capacity: 512M
 Heap Max Capacity: 4072M
 Pre-touch: Disabled
 Parallel Workers: 13
 Concurrent Workers: 3
 Concurrent Refinement Workers: 13
 Periodic GC: Disabled
 String Deduplication is enabled
Heap:
 garbage-first heap   total 524288K, used 130709K [0x0000000701800000, 0x0000000800000000)
  region size 2048K, 21 young (43008K), 1 survivors (2048K)
 Metaspace       used 86837K, committed 87360K, reserved 1179648K
  class space    used 12488K, committed 12736K, reserved 1048576K
GC Heap History (20 events):
Event: 7836.744 GC heap before
{Heap before GC invocations=182 (full 12):
 garbage-first heap   total 524288K, used 172481K [0x0000000701800000, 0x0000000800000000)
  region size 2048K, 40 young (81920K), 1 survivors (2048K)
 Metaspace       used 86804K, committed 87360K, reserved 1179648K
  class space    used 12493K, committed 12736K, reserved 1048576K
}
Event: 7836.746 GC heap after
{Heap after GC invocations=183 (full 12):
 garbage-first heap   total 524288K, used 92648K [0x0000000701800000, 0x0000000800000000)
  region size 2048K, 1 young (2048K), 1 survivors (2048K)
 Metaspace       used 86804K, committed 87360K, reserved 1179648K
  class space    used 12493K, committed 12736K, reserved 1048576K
}
Event: 7895.500 GC heap before
{Heap before GC invocations=183 (full 12):
 garbage-first heap   total 524288K, used 172520K [0x0000000701800000, 0x0000000800000000)
  region size 2048K, 40 young (81920K), 1 survivors (2048K)
 Metaspace       used 86810K, committed 87360K, reserved 1179648K
  class space    used 12493K, committed 12736K, reserved 1048576K
}
Event: 7895.502 GC heap after
{Heap after GC invocations=184 (full 12):
 garbage-first heap   total 524288K, used 92718K [0x0000000701800000, 0x0000000800000000)
  region size 2048K, 1 young (2048K), 1 survivors (2048K)
 Metaspace       used 86810K, committed 87360K, reserved 1179648K
  class space    used 12493K, committed 12736K, reserved 1048576K
}
Event: 7950.079 GC heap before
{Heap before GC invocations=184 (full 12):
 garbage-first heap   total 524288K, used 172590K [0x0000000701800000, 0x0000000800000000)
  region size 2048K, 40 young (81920K), 1 survivors (2048K)
 Metaspace       used 86812K, committed 87360K, reserved 1179648K
  class space    used 12493K, committed 12736K, reserved 1048576K
}
Event: 7950.080 GC heap after
{Heap after GC invocations=185 (full 12):
 garbage-first heap   total 524288K, used 92724K [0x0000000701800000, 0x0000000800000000)
  region size 2048K, 1 young (2048K), 1 survivors (2048K)
 Metaspace       used 86812K, committed 87360K, reserved 1179648K
  class space    used 12493K, committed 12736K, reserved 1048576K
}
Event: 8016.497 GC heap before
{Heap before GC invocations=185 (full 12):
 garbage-first heap   total 524288K, used 172596K [0x0000000701800000, 0x0000000800000000)
  region size 2048K, 40 young (81920K), 1 survivors (2048K)
 Metaspace       used 86812K, committed 87360K, reserved 1179648K
  class space    used 12493K, committed 12736K, reserved 1048576K
}
Event: 8016.499 GC heap after
{Heap after GC invocations=186 (full 12):
 garbage-first heap   total 524288K, used 92772K [0x0000000701800000, 0x0000000800000000)
  region size 2048K, 1 young (2048K), 1 survivors (2048K)
 Metaspace       used 86812K, committed 87360K, reserved 1179648K
  class space    used 12493K, committed 12736K, reserved 1048576K
}
Event: 8051.495 GC heap before
{Heap before GC invocations=186 (full 12):
 garbage-first heap   total 524288K, used 172644K [0x0000000701800000, 0x0000000800000000)
  region size 2048K, 40 young (81920K), 1 survivors (2048K)
 Metaspace       used 86812K, committed 87360K, reserved 1179648K
  class space    used 12493K, committed 12736K, reserved 1048576K
}
Event: 8051.497 GC heap after
{Heap after GC invocations=187 (full 12):
 garbage-first heap   total 524288K, used 92732K [0x0000000701800000, 0x0000000800000000)
  region size 2048K, 1 young (2048K), 1 survivors (2048K)
 Metaspace       used 86812K, committed 87360K, reserved 1179648K
  class space    used 12493K, committed 12736K, reserved 1048576K
}
Event: 8137.700 GC heap before
{Heap before GC invocations=187 (full 12):
 garbage-first heap   total 524288K, used 172604K [0x0000000701800000, 0x0000000800000000)
  region size 2048K, 40 young (81920K), 1 survivors (2048K)
 Metaspace       used 86814K, committed 87360K, reserved 1179648K
  class space    used 12493K, committed 12736K, reserved 1048576K
}
Event: 8137.702 GC heap after
{Heap after GC invocations=188 (full 12):
 garbage-first heap   total 524288K, used 92796K [0x0000000701800000, 0x0000000800000000)
  region size 2048K, 1 young (2048K), 1 survivors (2048K)
 Metaspace       used 86814K, committed 87360K, reserved 1179648K
  class space    used 12493K, committed 12736K, reserved 1048576K
}
Event: 8217.167 GC heap before
{Heap before GC invocations=188 (full 12):
 garbage-first heap   total 524288K, used 172668K [0x0000000701800000, 0x0000000800000000)
  region size 2048K, 40 young (81920K), 1 survivors (2048K)
 Metaspace       used 86814K, committed 87360K, reserved 1179648K
  class space    used 12493K, committed 12736K, reserved 1048576K
}
Event: 8217.169 GC heap after
{Heap after GC invocations=189 (full 12):
 garbage-first heap   total 524288K, used 92767K [0x0000000701800000, 0x0000000800000000)
  region size 2048K, 1 young (2048K), 1 survivors (2048K)
 Metaspace       used 86814K, committed 87360K, reserved 1179648K
  class space    used 12493K, committed 12736K, reserved 1048576K
}
Event: 8223.433 GC heap before
{Heap before GC invocations=189 (full 12):
 garbage-first heap   total 524288K, used 96863K [0x0000000701800000, 0x0000000800000000)
  region size 2048K, 4 young (8192K), 1 survivors (2048K)
 Metaspace       used 86815K, committed 87360K, reserved 1179648K
  class space    used 12493K, committed 12736K, reserved 1048576K
}
Event: 8223.480 GC heap after
{Heap after GC invocations=190 (full 13):
 garbage-first heap   total 524288K, used 91452K [0x0000000701800000, 0x0000000800000000)
  region size 2048K, 0 young (0K), 0 survivors (0K)
 Metaspace       used 86782K, committed 87360K, reserved 1179648K
  class space    used 12486K, committed 12736K, reserved 1048576K
}
Event: 8303.150 GC heap before
{Heap before GC invocations=190 (full 13):
 garbage-first heap   total 524288K, used 173372K [0x0000000701800000, 0x0000000800000000)
  region size 2048K, 40 young (81920K), 0 survivors (0K)
 Metaspace       used 86783K, committed 87360K, reserved 1179648K
  class space    used 12486K, committed 12736K, reserved 1048576K
}
Event: 8303.152 GC heap after
{Heap after GC invocations=191 (full 13):
 garbage-first heap   total 524288K, used 91840K [0x0000000701800000, 0x0000000800000000)
  region size 2048K, 1 young (2048K), 1 survivors (2048K)
 Metaspace       used 86783K, committed 87360K, reserved 1179648K
  class space    used 12486K, committed 12736K, reserved 1048576K
}
Event: 8399.317 GC heap before
{Heap before GC invocations=191 (full 13):
 garbage-first heap   total 524288K, used 171712K [0x0000000701800000, 0x0000000800000000)
  region size 2048K, 40 young (81920K), 1 survivors (2048K)
 Metaspace       used 86810K, committed 87360K, reserved 1179648K
  class space    used 12488K, committed 12736K, reserved 1048576K
}
Event: 8399.319 GC heap after
{Heap after GC invocations=192 (full 13):
 garbage-first heap   total 524288K, used 91797K [0x0000000701800000, 0x0000000800000000)
  region size 2048K, 1 young (2048K), 1 survivors (2048K)
 Metaspace       used 86810K, committed 87360K, reserved 1179648K
  class space    used 12488K, committed 12736K, reserved 1048576K
}

